[2011-08-22 17:01:49] request.ERROR: Symfony\Component\HttpKernel\Exception\NotFoundHttpException: No route found for "GET /" (uncaught exception) at C:\xampp\htdocs\moto\vendor\symfony\src\Symfony\Bundle\FrameworkBundle\EventListener\RouterListener.php line 88 [] []
[2011-08-23 11:21:14] request.ERROR: Symfony\Component\HttpKernel\Exception\NotFoundHttpException: No route found for "GET /_configurator/" (uncaught exception) at C:\xampp\htdocs\moto\vendor\symfony\src\Symfony\Bundle\FrameworkBundle\EventListener\RouterListener.php line 88 [] []
[2011-08-23 11:21:37] request.ERROR: Symfony\Component\HttpKernel\Exception\NotFoundHttpException: No route found for "GET /" (uncaught exception) at C:\xampp\htdocs\moto\app\cache\prod\classes.php line 4533 [] []
[2011-08-23 11:21:56] request.ERROR: Symfony\Component\HttpKernel\Exception\NotFoundHttpException: No route found for "GET /" (uncaught exception) at C:\xampp\htdocs\moto\app\cache\prod\classes.php line 4533 [] []
[2011-08-23 11:22:51] request.ERROR: Symfony\Component\HttpKernel\Exception\NotFoundHttpException: No route found for "GET /" (uncaught exception) at C:\xampp\htdocs\moto\app\cache\prod\classes.php line 4533 [] []
[2011-08-23 11:23:03] request.ERROR: Symfony\Component\HttpKernel\Exception\NotFoundHttpException: No route found for "GET /" (uncaught exception) at C:\xampp\htdocs\moto\app\cache\prod\classes.php line 4533 [] []
[2011-08-23 11:23:43] request.ERROR: Symfony\Component\HttpKernel\Exception\NotFoundHttpException: No route found for "GET /" (uncaught exception) at C:\xampp\htdocs\moto\app\cache\prod\classes.php line 4533 [] []
[2011-08-23 11:23:57] request.ERROR: Symfony\Component\HttpKernel\Exception\NotFoundHttpException: No route found for "GET /" (uncaught exception) at C:\xampp\htdocs\moto\app\cache\prod\classes.php line 4533 [] []
[2011-08-23 11:24:19] request.ERROR: Symfony\Component\HttpKernel\Exception\NotFoundHttpException: No route found for "GET /" (uncaught exception) at C:\xampp\htdocs\moto\app\cache\prod\classes.php line 4533 [] []
[2011-08-23 11:24:47] request.ERROR: Symfony\Component\HttpKernel\Exception\NotFoundHttpException: No route found for "GET /" (uncaught exception) at C:\xampp\htdocs\moto\app\cache\prod\classes.php line 4533 [] []
[2011-08-23 11:25:10] request.ERROR: Symfony\Component\HttpKernel\Exception\NotFoundHttpException: No route found for "GET /hello/manu" (uncaught exception) at C:\xampp\htdocs\moto\app\cache\prod\classes.php line 4533 [] []
[2011-08-23 11:31:38] request.ERROR: Symfony\Component\HttpKernel\Exception\NotFoundHttpException: No route found for "GET /" (uncaught exception) at C:\xampp\htdocs\moto\app\cache\prod\classes.php line 4533 [] []
[2011-08-23 11:34:06] request.ERROR: Symfony\Component\HttpKernel\Exception\NotFoundHttpException: No route found for "GET /" (uncaught exception) at C:\xampp\htdocs\moto\app\cache\prod\classes.php line 4533 [] []
[2011-08-23 11:35:10] request.ERROR: Symfony\Component\HttpKernel\Exception\NotFoundHttpException: No route found for "GET /" (uncaught exception) at C:\xampp\htdocs\moto\app\cache\prod\classes.php line 4533 [] []
[2011-08-23 12:02:08] request.ERROR: Symfony\Component\HttpKernel\Exception\NotFoundHttpException: No route found for "GET /" (uncaught exception) at C:\xampp\htdocs\moto\app\cache\prod\classes.php line 4533 [] []
[2011-08-23 12:06:12] request.ERROR: Symfony\Component\HttpKernel\Exception\NotFoundHttpException: No route found for "GET /_configurator/" (uncaught exception) at C:\xampp\htdocs\moto\app\cache\prod\classes.php line 4533 [] []
[2011-08-23 12:06:36] request.ERROR: Symfony\Component\HttpKernel\Exception\NotFoundHttpException: No route found for "GET /" (uncaught exception) at C:\xampp\htdocs\moto\app\cache\prod\classes.php line 4533 [] []
[2011-08-23 12:07:36] request.ERROR: Symfony\Component\HttpKernel\Exception\NotFoundHttpException: No route found for "GET /" (uncaught exception) at C:\xampp\htdocs\moto\app\cache\prod\classes.php line 4533 [] []
[2011-08-23 12:09:23] request.ERROR: Symfony\Component\HttpKernel\Exception\NotFoundHttpException: No route found for "GET /" (uncaught exception) at C:\xampp\htdocs\moto\app\cache\prod\classes.php line 4533 [] []
[2011-08-23 12:09:30] request.ERROR: Symfony\Component\HttpKernel\Exception\NotFoundHttpException: No route found for "GET /_configurator/" (uncaught exception) at C:\xampp\htdocs\moto\app\cache\prod\classes.php line 4533 [] []
[2011-08-23 12:10:56] request.ERROR: Symfony\Component\HttpKernel\Exception\NotFoundHttpException: No route found for "GET /_configurator/" (uncaught exception) at C:\xampp\htdocs\moto\app\cache\prod\classes.php line 4533 [] []
[2011-08-23 12:11:52] request.ERROR: Symfony\Component\HttpKernel\Exception\NotFoundHttpException: No route found for "GET /_configurator/" (uncaught exception) at C:\xampp\htdocs\moto\app\cache\prod\classes.php line 4533 [] []
[2011-08-23 12:12:08] request.ERROR: Symfony\Component\HttpKernel\Exception\NotFoundHttpException: No route found for "GET /" (uncaught exception) at C:\xampp\htdocs\moto\app\cache\prod\classes.php line 4533 [] []
[2011-08-23 12:12:51] request.ERROR: Symfony\Component\HttpKernel\Exception\NotFoundHttpException: No route found for "GET /_wdt/4e537d22f01ea" (uncaught exception) at C:\xampp\htdocs\moto\app\cache\prod\classes.php line 4533 [] []
[2011-08-23 12:12:54] request.ERROR: Symfony\Component\HttpKernel\Exception\NotFoundHttpException: No route found for "GET /_configurator/" (uncaught exception) at C:\xampp\htdocs\moto\app\cache\prod\classes.php line 4533 [] []
[2011-08-23 12:13:10] request.ERROR: Symfony\Component\HttpKernel\Exception\NotFoundHttpException: No route found for "GET /demo/" (uncaught exception) at C:\xampp\htdocs\moto\app\cache\prod\classes.php line 4533 [] []
[2011-08-23 12:13:15] request.ERROR: Symfony\Component\HttpKernel\Exception\NotFoundHttpException: No route found for "GET /_wdt/4e537d3b0cd3c" (uncaught exception) at C:\xampp\htdocs\moto\app\cache\prod\classes.php line 4533 [] []
[2011-08-23 12:13:41] request.ERROR: Symfony\Component\HttpKernel\Exception\NotFoundHttpException: No route found for "GET /_wdt/4e537d552e3a3" (uncaught exception) at C:\xampp\htdocs\moto\app\cache\prod\classes.php line 4533 [] []
[2011-08-23 12:14:00] request.ERROR: Symfony\Component\HttpKernel\Exception\NotFoundHttpException: No route found for "GET /_wdt/4e537d681400d" (uncaught exception) at C:\xampp\htdocs\moto\app\cache\prod\classes.php line 4533 [] []
[2011-08-23 12:14:14] request.ERROR: Symfony\Component\HttpKernel\Exception\NotFoundHttpException: No route found for "GET /_wdt/4e537d76629c3" (uncaught exception) at C:\xampp\htdocs\moto\app\cache\prod\classes.php line 4533 [] []
[2011-08-23 19:09:10] request.ERROR: Symfony\Component\HttpKernel\Exception\NotFoundHttpException: No route found for "GET /" (uncaught exception) at C:\xampp\htdocs\moto\app\cache\prod\classes.php line 4533 [] []
[2011-08-23 19:09:21] request.ERROR: Symfony\Component\HttpKernel\Exception\NotFoundHttpException: No route found for "GET /index" (uncaught exception) at C:\xampp\htdocs\moto\app\cache\prod\classes.php line 4533 [] []
[2011-08-23 19:21:27] request.ERROR: Symfony\Component\HttpKernel\Exception\NotFoundHttpException: No route found for "GET /moto" (uncaught exception) at C:\xampp\htdocs\moto\app\cache\prod\classes.php line 4533 [] []
[2011-08-23 19:21:53] request.ERROR: Symfony\Component\HttpKernel\Exception\NotFoundHttpException: No route found for "GET /moto" (uncaught exception) at C:\xampp\htdocs\moto\app\cache\prod\classes.php line 4533 [] []
[2011-08-23 19:22:02] request.ERROR: Symfony\Component\HttpKernel\Exception\NotFoundHttpException: No route found for "GET /moto" (uncaught exception) at C:\xampp\htdocs\moto\app\cache\prod\classes.php line 4533 [] []
[2011-08-23 19:22:03] request.ERROR: Symfony\Component\HttpKernel\Exception\NotFoundHttpException: No route found for "GET /moto" (uncaught exception) at C:\xampp\htdocs\moto\app\cache\prod\classes.php line 4533 [] []
[2011-08-23 19:22:20] request.ERROR: Symfony\Component\HttpKernel\Exception\NotFoundHttpException: No route found for "GET /moto" (uncaught exception) at C:\xampp\htdocs\moto\app\cache\prod\classes.php line 4533 [] []
[2011-08-23 19:22:29] request.ERROR: Symfony\Component\HttpKernel\Exception\NotFoundHttpException: No route found for "GET /moto" (uncaught exception) at C:\xampp\htdocs\moto\app\cache\prod\classes.php line 4533 [] []
[2011-08-23 19:22:30] request.ERROR: Symfony\Component\HttpKernel\Exception\NotFoundHttpException: No route found for "GET /moto" (uncaught exception) at C:\xampp\htdocs\moto\app\cache\prod\classes.php line 4533 [] []
[2011-08-23 19:22:30] request.ERROR: Symfony\Component\HttpKernel\Exception\NotFoundHttpException: No route found for "GET /moto" (uncaught exception) at C:\xampp\htdocs\moto\app\cache\prod\classes.php line 4533 [] []
[2011-08-23 19:22:30] request.ERROR: Symfony\Component\HttpKernel\Exception\NotFoundHttpException: No route found for "GET /moto" (uncaught exception) at C:\xampp\htdocs\moto\app\cache\prod\classes.php line 4533 [] []
[2011-08-23 19:22:31] request.ERROR: Symfony\Component\HttpKernel\Exception\NotFoundHttpException: No route found for "GET /moto" (uncaught exception) at C:\xampp\htdocs\moto\app\cache\prod\classes.php line 4533 [] []
[2011-08-23 19:22:31] request.ERROR: Symfony\Component\HttpKernel\Exception\NotFoundHttpException: No route found for "GET /moto" (uncaught exception) at C:\xampp\htdocs\moto\app\cache\prod\classes.php line 4533 [] []
[2011-08-23 19:22:31] request.ERROR: Symfony\Component\HttpKernel\Exception\NotFoundHttpException: No route found for "GET /moto" (uncaught exception) at C:\xampp\htdocs\moto\app\cache\prod\classes.php line 4533 [] []
[2011-08-23 19:22:32] request.ERROR: Symfony\Component\HttpKernel\Exception\NotFoundHttpException: No route found for "GET /moto" (uncaught exception) at C:\xampp\htdocs\moto\app\cache\prod\classes.php line 4533 [] []
[2011-08-23 19:22:35] request.ERROR: Symfony\Component\HttpKernel\Exception\NotFoundHttpException: No route found for "GET /moto" (uncaught exception) at C:\xampp\htdocs\moto\app\cache\prod\classes.php line 4533 [] []
[2011-08-23 20:48:25] request.ERROR: Symfony\Component\HttpKernel\Exception\NotFoundHttpException: No route found for "GET /moto" (uncaught exception) at C:\xampp\htdocs\moto\app\cache\prod\classes.php line 4533 [] []
[2011-08-23 20:48:32] request.ERROR: Symfony\Component\HttpKernel\Exception\NotFoundHttpException: No route found for "GET /" (uncaught exception) at C:\xampp\htdocs\moto\app\cache\prod\classes.php line 4533 [] []
[2011-08-24 09:58:49] request.ERROR: Symfony\Component\HttpKernel\Exception\NotFoundHttpException: No route found for "GET /moto" (uncaught exception) at C:\xampp\htdocs\moto\app\cache\prod\classes.php line 4533 [] []
